2022-09-15 23:04:49 (success) release
2022-09-15 23:04:49 (success) _looped_task
2022-09-15 23:04:49 (success) upload2pypi
2022-09-15 23:04:40 (startup) upload2pypi
2022-09-15 23:04:40 (startup) _looped_task
2022-09-15 23:04:40 (success) _looped_task
2022-09-15 23:04:40 (success) gitpush
2022-09-15 23:04:36 (startup) gitpush
2022-09-15 23:04:36 (startup) _looped_task
2022-09-15 23:04:36 (success) gitcommit
2022-09-15 23:04:36 (startup) gitcommit
2022-09-15 23:04:36 (success) build
2022-09-15 23:04:34 (startup) build
2022-09-15 23:04:34 (success) gitcommit
2022-09-15 23:04:34 (startup) gitcommit
2022-09-15 23:04:34 (success) gendoc
2022-09-15 23:04:32 (startup) gendoc
2022-09-15 23:04:32 (startup) release
2022-09-08 12:28:45 (success) release
2022-09-08 12:28:45 (success) _pypi_release
2022-09-08 12:28:26 (startup) _pypi_release
2022-09-08 12:28:26 (success) _git_default_commit
2022-09-08 12:28:26 (startup) _git_default_commit
2022-09-08 12:28:26 (success) _git_push
2022-09-08 12:28:14 (startup) _git_push
2022-09-08 12:28:14 (success) _build_package
2022-09-08 12:28:09 (startup) _build_package
2022-09-08 12:28:09 (success) _git_tag
2022-09-08 12:28:09 (startup) _git_tag
2022-09-08 12:28:09 (success) _git_default_commit
2022-09-08 12:28:09 (startup) _git_default_commit
2022-09-08 12:28:08 (success) _build_doc
2022-09-08 12:28:01 (startup) _build_doc
2022-09-08 12:28:01 (startup) release
2022-09-08 00:06:44 (success) release
2022-09-08 00:06:44 (success) _pypi_release
2022-09-08 00:06:32 (startup) _pypi_release
2022-09-08 00:06:32 (success) _git_default_commit
2022-09-08 00:06:32 (startup) _git_default_commit
2022-09-08 00:06:32 (success) _git_push
2022-09-08 00:06:23 (startup) _git_push
2022-09-08 00:06:23 (success) _build_package
2022-09-08 00:06:21 (startup) _build_package
2022-09-08 00:06:21 (success) _git_tag
2022-09-08 00:06:21 (startup) _git_tag
2022-09-08 00:06:21 (success) _git_default_commit
2022-09-08 00:06:21 (startup) _git_default_commit
2022-09-08 00:06:21 (success) _build_doc
2022-09-08 00:06:20 (startup) _build_doc
2022-09-08 00:06:20 (startup) release
